This file contains any messages produced by compilers while
running configure, to aid debugging if configure makes a mistake.

It was created by igraph configure 1.2.4, which was
generated by GNU Autoconf 2.69.  Invocation command line was

  $ ./configure 

## --------- ##
## Platform. ##
## --------- ##

hostname = exocet
uname -m = x86_64
uname -r = 4.15.0-62-generic
uname -s = Linux
uname -v = #69~16.04.1-Ubuntu SMP Fri Sep 6 02:43:35 UTC 2019

/usr/bin/uname -p = unknown
/bin/uname -X     = unknown

/bin/arch              = unknown
/usr/bin/arch -k       = unknown
/usr/convex/getsysinfo = unknown
/usr/bin/hostinfo      = unknown
/bin/machine           = unknown
/usr/bin/oslevel       = unknown
/bin/universe          = unknown

PATH: /home/joaquin/bin
PATH: /home/joaquin/.local/bin
PATH: /home/joaquin/bin
PATH: /home/joaquin/.local/bin
PATH: /usr/local/sbin
PATH: /usr/local/bin
PATH: /usr/sbin
PATH: /usr/bin
PATH: /sbin
PATH: /bin
PATH: /usr/games
PATH: /snap/bin
PATH: /usr/lib/jvm/java-8-oracle/bin
PATH: /usr/lib/jvm/java-8-oracle/db/bin
PATH: /usr/lib/jvm/java-8-oracle/jre/bin
PATH: /usr/lib/jvm/java-8-oracle/bin
PATH: /usr/lib/jvm/java-8-oracle/db/bin
PATH: /usr/lib/jvm/java-8-oracle/jre/bin


## ----------- ##
## Core tests. ##
## ----------- ##

configure:2548: checking for gcc
configure:2575: result: gcc -std=gnu99
configure:2804: checking for C compiler version
configure:2813: gcc -std=gnu99 --version >&5
gcc (Ubuntu 5.4.0-6ubuntu1~16.04.12) 5.4.0 20160609
Copyright (C) 2015 Free Software Foundation, Inc.
This is free software; see the source for copying conditions.  There is NO
warranty; not even for MERCHANTABILITY or FITNESS FOR A PARTICULAR PURPOSE.

configure:2824: $? = 0
configure:2813: gcc -std=gnu99 -v >&5
Using built-in specs.
COLLECT_GCC=gcc
COLLECT_LTO_WRAPPER=/usr/lib/gcc/x86_64-linux-gnu/5/lto-wrapper
Target: x86_64-linux-gnu
Configured with: ../src/configure -v --with-pkgversion='Ubuntu 5.4.0-6ubuntu1~16.04.12' --with-bugurl=file:///usr/share/doc/gcc-5/README.Bugs --enable-languages=c,ada,c++,java,go,d,fortran,objc,obj-c++ --prefix=/usr --program-suffix=-5 --enable-shared --enable-linker-build-id --libexecdir=/usr/lib --without-included-gettext --enable-threads=posix --libdir=/usr/lib --enable-nls --with-sysroot=/ --enable-clocale=gnu --enable-libstdcxx-debug --enable-libstdcxx-time=yes --with-default-libstdcxx-abi=new --enable-gnu-unique-object --disable-vtable-verify --enable-libmpx --enable-plugin --with-system-zlib --disable-browser-plugin --enable-java-awt=gtk --enable-gtk-cairo --with-java-home=/usr/lib/jvm/java-1.5.0-gcj-5-amd64/jre --enable-java-home --with-jvm-root-dir=/usr/lib/jvm/java-1.5.0-gcj-5-amd64 --with-jvm-jar-dir=/usr/lib/jvm-exports/java-1.5.0-gcj-5-amd64 --with-arch-directory=amd64 --with-ecj-jar=/usr/share/java/eclipse-ecj.jar --enable-objc-gc --enable-multiarch --disable-werror --with-arch-32=i686 --with-abi=m64 --with-multilib-list=m32,m64,mx32 --enable-multilib --with-tune=generic --enable-checking=release --build=x86_64-linux-gnu --host=x86_64-linux-gnu --target=x86_64-linux-gnu
Thread model: posix
gcc version 5.4.0 20160609 (Ubuntu 5.4.0-6ubuntu1~16.04.12) 
configure:2824: $? = 0
configure:2813: gcc -std=gnu99 -V >&5
gcc: error: unrecognized command line option '-V'
gcc: fatal error: no input files
compilation terminated.
configure:2824: $? = 1
configure:2813: gcc -std=gnu99 -qversion >&5
gcc: error: unrecognized command line option '-qversion'
gcc: fatal error: no input files
compilation terminated.
configure:2824: $? = 1
configure:2844: checking whether the C compiler works
configure:2866: gcc -std=gnu99 -g -O2 -fstack-protector-strong -Wformat -Werror=format-security -Wdate-time -D_FORTIFY_SOURCE=2 -g -UNDEBUG -Wall -pedantic -g -O0 -fdiagnostics-color=always   conftest.c  >&5
configure:2870: $? = 0
configure:2918: result: yes
configure:2921: checking for C compiler default output file name
configure:2923: result: a.out
configure:2929: checking for suffix of executables
configure:2936: gcc -std=gnu99 -o conftest -g -O2 -fstack-protector-strong -Wformat -Werror=format-security -Wdate-time -D_FORTIFY_SOURCE=2 -g -UNDEBUG -Wall -pedantic -g -O0 -fdiagnostics-color=always   conftest.c  >&5
configure:2940: $? = 0
configure:2962: result: 
configure:2984: checking whether we are cross compiling
configure:2992: gcc -std=gnu99 -o conftest -g -O2 -fstack-protector-strong -Wformat -Werror=format-security -Wdate-time -D_FORTIFY_SOURCE=2 -g -UNDEBUG -Wall -pedantic -g -O0 -fdiagnostics-color=always   conftest.c  >&5
configure:2996: $? = 0
configure:3003: ./conftest
configure:3007: $? = 0
configure:3022: result: no
configure:3027: checking for suffix of object files
configure:3049: gcc -std=gnu99 -c -g -O2 -fstack-protector-strong -Wformat -Werror=format-security -Wdate-time -D_FORTIFY_SOURCE=2 -g -UNDEBUG -Wall -pedantic -g -O0 -fdiagnostics-color=always  conftest.c >&5
configure:3053: $? = 0
configure:3074: result: o
configure:3078: checking whether we are using the GNU C compiler
configure:3097: gcc -std=gnu99 -c -g -O2 -fstack-protector-strong -Wformat -Werror=format-security -Wdate-time -D_FORTIFY_SOURCE=2 -g -UNDEBUG -Wall -pedantic -g -O0 -fdiagnostics-color=always  conftest.c >&5
configure:3097: $? = 0
configure:3106: result: yes
configure:3115: checking whether gcc -std=gnu99 accepts -g
configure:3135: gcc -std=gnu99 -c -g  conftest.c >&5
configure:3135: $? = 0
configure:3176: result: yes
configure:3193: checking for gcc -std=gnu99 option to accept ISO C89
configure:3256: gcc -std=gnu99  -c -g -O2 -fstack-protector-strong -Wformat -Werror=format-security -Wdate-time -D_FORTIFY_SOURCE=2 -g -UNDEBUG -Wall -pedantic -g -O0 -fdiagnostics-color=always  conftest.c >&5
configure:3256: $? = 0
configure:3269: result: none needed
configure:3397: checking for Fortran compiler version
configure:3406: gfortran --version >&5
GNU Fortran (Ubuntu 5.4.0-6ubuntu1~16.04.12) 5.4.0 20160609
Copyright (C) 2015 Free Software Foundation, Inc.

GNU Fortran comes with NO WARRANTY, to the extent permitted by law.
You may redistribute copies of GNU Fortran
under the terms of the GNU General Public License.
For more information about these matters, see the file named COPYING

configure:3417: $? = 0
configure:3406: gfortran -v >&5
Using built-in specs.
COLLECT_GCC=gfortran
COLLECT_LTO_WRAPPER=/usr/lib/gcc/x86_64-linux-gnu/5/lto-wrapper
Target: x86_64-linux-gnu
Configured with: ../src/configure -v --with-pkgversion='Ubuntu 5.4.0-6ubuntu1~16.04.12' --with-bugurl=file:///usr/share/doc/gcc-5/README.Bugs --enable-languages=c,ada,c++,java,go,d,fortran,objc,obj-c++ --prefix=/usr --program-suffix=-5 --enable-shared --enable-linker-build-id --libexecdir=/usr/lib --without-included-gettext --enable-threads=posix --libdir=/usr/lib --enable-nls --with-sysroot=/ --enable-clocale=gnu --enable-libstdcxx-debug --enable-libstdcxx-time=yes --with-default-libstdcxx-abi=new --enable-gnu-unique-object --disable-vtable-verify --enable-libmpx --enable-plugin --with-system-zlib --disable-browser-plugin --enable-java-awt=gtk --enable-gtk-cairo --with-java-home=/usr/lib/jvm/java-1.5.0-gcj-5-amd64/jre --enable-java-home --with-jvm-root-dir=/usr/lib/jvm/java-1.5.0-gcj-5-amd64 --with-jvm-jar-dir=/usr/lib/jvm-exports/java-1.5.0-gcj-5-amd64 --with-arch-directory=amd64 --with-ecj-jar=/usr/share/java/eclipse-ecj.jar --enable-objc-gc --enable-multiarch --disable-werror --with-arch-32=i686 --with-abi=m64 --with-multilib-list=m32,m64,mx32 --enable-multilib --with-tune=generic --enable-checking=release --build=x86_64-linux-gnu --host=x86_64-linux-gnu --target=x86_64-linux-gnu
Thread model: posix
gcc version 5.4.0 20160609 (Ubuntu 5.4.0-6ubuntu1~16.04.12) 
configure:3417: $? = 0
configure:3406: gfortran -V >&5
gfortran: error: unrecognized command line option '-V'
gfortran: fatal error: no input files
compilation terminated.
configure:3417: $? = 1
configure:3406: gfortran -qversion >&5
gfortran: error: unrecognized command line option '-qversion'
gfortran: fatal error: no input files
compilation terminated.
configure:3417: $? = 1
configure:3426: checking whether we are using the GNU Fortran compiler
configure:3439: gfortran -c -g -O2 -fstack-protector-strong -g -O0  conftest.F >&5
configure:3439: $? = 0
configure:3448: result: yes
configure:3454: checking whether gfortran accepts -g
configure:3465: gfortran -c -g  conftest.f >&5
configure:3465: $? = 0
configure:3473: result: yes
configure:3623: checking for C++ compiler version
configure:3632: g++ -std=gnu++11 --version >&5
g++ (Ubuntu 5.4.0-6ubuntu1~16.04.12) 5.4.0 20160609
Copyright (C) 2015 Free Software Foundation, Inc.
This is free software; see the source for copying conditions.  There is NO
warranty; not even for MERCHANTABILITY or FITNESS FOR A PARTICULAR PURPOSE.

configure:3643: $? = 0
configure:3632: g++ -std=gnu++11 -v >&5
Using built-in specs.
COLLECT_GCC=g++
COLLECT_LTO_WRAPPER=/usr/lib/gcc/x86_64-linux-gnu/5/lto-wrapper
Target: x86_64-linux-gnu
Configured with: ../src/configure -v --with-pkgversion='Ubuntu 5.4.0-6ubuntu1~16.04.12' --with-bugurl=file:///usr/share/doc/gcc-5/README.Bugs --enable-languages=c,ada,c++,java,go,d,fortran,objc,obj-c++ --prefix=/usr --program-suffix=-5 --enable-shared --enable-linker-build-id --libexecdir=/usr/lib --without-included-gettext --enable-threads=posix --libdir=/usr/lib --enable-nls --with-sysroot=/ --enable-clocale=gnu --enable-libstdcxx-debug --enable-libstdcxx-time=yes --with-default-libstdcxx-abi=new --enable-gnu-unique-object --disable-vtable-verify --enable-libmpx --enable-plugin --with-system-zlib --disable-browser-plugin --enable-java-awt=gtk --enable-gtk-cairo --with-java-home=/usr/lib/jvm/java-1.5.0-gcj-5-amd64/jre --enable-java-home --with-jvm-root-dir=/usr/lib/jvm/java-1.5.0-gcj-5-amd64 --with-jvm-jar-dir=/usr/lib/jvm-exports/java-1.5.0-gcj-5-amd64 --with-arch-directory=amd64 --with-ecj-jar=/usr/share/java/eclipse-ecj.jar --enable-objc-gc --enable-multiarch --disable-werror --with-arch-32=i686 --with-abi=m64 --with-multilib-list=m32,m64,mx32 --enable-multilib --with-tune=generic --enable-checking=release --build=x86_64-linux-gnu --host=x86_64-linux-gnu --target=x86_64-linux-gnu
Thread model: posix
gcc version 5.4.0 20160609 (Ubuntu 5.4.0-6ubuntu1~16.04.12) 
configure:3643: $? = 0
configure:3632: g++ -std=gnu++11 -V >&5
g++: error: unrecognized command line option '-V'
g++: fatal error: no input files
compilation terminated.
configure:3643: $? = 1
configure:3632: g++ -std=gnu++11 -qversion >&5
g++: error: unrecognized command line option '-qversion'
g++: fatal error: no input files
compilation terminated.
configure:3643: $? = 1
configure:3647: checking whether we are using the GNU C++ compiler
configure:3666: g++ -std=gnu++11 -c -g -O2 -fstack-protector-strong -Wformat -Werror=format-security -Wdate-time -D_FORTIFY_SOURCE=2 -g -UNDEBUG -Wall -pedantic -g -O0 -fdiagnostics-color=always  conftest.cpp >&5
configure:3666: $? = 0
configure:3675: result: yes
configure:3684: checking whether g++ -std=gnu++11 accepts -g
configure:3704: g++ -std=gnu++11 -c -g  conftest.cpp >&5
configure:3704: $? = 0
configure:3745: result: yes
configure:3788: g++ -std=gnu++11 -c -g -O2 -fstack-protector-strong -Wformat -Werror=format-security -Wdate-time -D_FORTIFY_SOURCE=2 -g -UNDEBUG -Wall -pedantic -g -O0 -fdiagnostics-color=always  conftest.cpp >&5
configure:3788: $? = 0
configure:3794: checking how to run the C++ preprocessor
configure:3821: g++ -std=gnu++11 -E  conftest.cpp
configure:3821: $? = 0
configure:3835: g++ -std=gnu++11 -E  conftest.cpp
conftest.cpp:10:28: fatal error: ac_nonexistent.h: No such file or directory
compilation terminated.
configure:3835: $? = 1
configure: failed program was:
| /* confdefs.h */
| #define PACKAGE_NAME "igraph"
| #define PACKAGE_TARNAME "igraph"
| #define PACKAGE_VERSION "1.2.4"
| #define PACKAGE_STRING "igraph 1.2.4"
| #define PACKAGE_BUGREPORT "csardi.gabor@gmail.com"
| #define PACKAGE_URL ""
| #define HAVE_GFORTRAN 1
| /* end confdefs.h.  */
| #include <ac_nonexistent.h>
configure:3860: result: g++ -std=gnu++11 -E
configure:3880: g++ -std=gnu++11 -E  conftest.cpp
configure:3880: $? = 0
configure:3894: g++ -std=gnu++11 -E  conftest.cpp
conftest.cpp:10:28: fatal error: ac_nonexistent.h: No such file or directory
compilation terminated.
configure:3894: $? = 1
configure: failed program was:
| /* confdefs.h */
| #define PACKAGE_NAME "igraph"
| #define PACKAGE_TARNAME "igraph"
| #define PACKAGE_VERSION "1.2.4"
| #define PACKAGE_STRING "igraph 1.2.4"
| #define PACKAGE_BUGREPORT "csardi.gabor@gmail.com"
| #define PACKAGE_URL ""
| #define HAVE_GFORTRAN 1
| /* end confdefs.h.  */
| #include <ac_nonexistent.h>
configure:3940: checking for rintf
configure:3940: gcc -std=gnu99 -o conftest -g -O2 -fstack-protector-strong -Wformat -Werror=format-security -Wdate-time -D_FORTIFY_SOURCE=2 -g -UNDEBUG -Wall -pedantic -g -O0 -fdiagnostics-color=always   conftest.c  -lm >&5
[01m[Kconftest.c:33:6:[m[K [01;35m[Kwarning: [m[Kconflicting types for built-in function '[01m[Krintf[m[K'
 char rintf ();
[01;32m[K      ^[m[K
configure:3940: $? = 0
configure:3940: result: yes
configure:3940: checking for finite
configure:3940: gcc -std=gnu99 -o conftest -g -O2 -fstack-protector-strong -Wformat -Werror=format-security -Wdate-time -D_FORTIFY_SOURCE=2 -g -UNDEBUG -Wall -pedantic -g -O0 -fdiagnostics-color=always   conftest.c  -lm >&5
[01m[Kconftest.c:34:6:[m[K [01;35m[Kwarning: [m[Kconflicting types for built-in function '[01m[Kfinite[m[K'
 char finite ();
[01;32m[K      ^[m[K
configure:3940: $? = 0
configure:3940: result: yes
configure:3940: checking for expm1
configure:3940: gcc -std=gnu99 -o conftest -g -O2 -fstack-protector-strong -Wformat -Werror=format-security -Wdate-time -D_FORTIFY_SOURCE=2 -g -UNDEBUG -Wall -pedantic -g -O0 -fdiagnostics-color=always   conftest.c  -lm >&5
[01m[Kconftest.c:35:6:[m[K [01;35m[Kwarning: [m[Kconflicting types for built-in function '[01m[Kexpm1[m[K'
 char expm1 ();
[01;32m[K      ^[m[K
configure:3940: $? = 0
configure:3940: result: yes
configure:3940: checking for rint
configure:3940: gcc -std=gnu99 -o conftest -g -O2 -fstack-protector-strong -Wformat -Werror=format-security -Wdate-time -D_FORTIFY_SOURCE=2 -g -UNDEBUG -Wall -pedantic -g -O0 -fdiagnostics-color=always   conftest.c  -lm >&5
[01m[Kconftest.c:36:6:[m[K [01;35m[Kwarning: [m[Kconflicting types for built-in function '[01m[Krint[m[K'
 char rint ();
[01;32m[K      ^[m[K
configure:3940: $? = 0
configure:3940: result: yes
configure:3940: checking for log2
configure:3940: gcc -std=gnu99 -o conftest -g -O2 -fstack-protector-strong -Wformat -Werror=format-security -Wdate-time -D_FORTIFY_SOURCE=2 -g -UNDEBUG -Wall -pedantic -g -O0 -fdiagnostics-color=always   conftest.c  -lm >&5
[01m[Kconftest.c:37:6:[m[K [01;35m[Kwarning: [m[Kconflicting types for built-in function '[01m[Klog2[m[K'
 char log2 ();
[01;32m[K      ^[m[K
configure:3940: $? = 0
configure:3940: result: yes
configure:3940: checking for logbl
configure:3940: gcc -std=gnu99 -o conftest -g -O2 -fstack-protector-strong -Wformat -Werror=format-security -Wdate-time -D_FORTIFY_SOURCE=2 -g -UNDEBUG -Wall -pedantic -g -O0 -fdiagnostics-color=always   conftest.c  -lm >&5
[01m[Kconftest.c:38:6:[m[K [01;35m[Kwarning: [m[Kconflicting types for built-in function '[01m[Klogbl[m[K'
 char logbl ();
[01;32m[K      ^[m[K
configure:3940: $? = 0
configure:3940: result: yes
configure:3940: checking for snprintf
configure:3940: gcc -std=gnu99 -o conftest -g -O2 -fstack-protector-strong -Wformat -Werror=format-security -Wdate-time -D_FORTIFY_SOURCE=2 -g -UNDEBUG -Wall -pedantic -g -O0 -fdiagnostics-color=always   conftest.c  -lm >&5
[01m[Kconftest.c:39:6:[m[K [01;35m[Kwarning: [m[Kconflicting types for built-in function '[01m[Ksnprintf[m[K'
 char snprintf ();
[01;32m[K      ^[m[K
configure:3940: $? = 0
configure:3940: result: yes
configure:3940: checking for log1p
configure:3940: gcc -std=gnu99 -o conftest -g -O2 -fstack-protector-strong -Wformat -Werror=format-security -Wdate-time -D_FORTIFY_SOURCE=2 -g -UNDEBUG -Wall -pedantic -g -O0 -fdiagnostics-color=always   conftest.c  -lm >&5
[01m[Kconftest.c:40:6:[m[K [01;35m[Kwarning: [m[Kconflicting types for built-in function '[01m[Klog1p[m[K'
 char log1p ();
[01;32m[K      ^[m[K
configure:3940: $? = 0
configure:3940: result: yes
configure:3940: checking for round
configure:3940: gcc -std=gnu99 -o conftest -g -O2 -fstack-protector-strong -Wformat -Werror=format-security -Wdate-time -D_FORTIFY_SOURCE=2 -g -UNDEBUG -Wall -pedantic -g -O0 -fdiagnostics-color=always   conftest.c  -lm >&5
[01m[Kconftest.c:41:6:[m[K [01;35m[Kwarning: [m[Kconflicting types for built-in function '[01m[Kround[m[K'
 char round ();
[01;32m[K      ^[m[K
configure:3940: $? = 0
configure:3940: result: yes
configure:3940: checking for fmin
configure:3940: gcc -std=gnu99 -o conftest -g -O2 -fstack-protector-strong -Wformat -Werror=format-security -Wdate-time -D_FORTIFY_SOURCE=2 -g -UNDEBUG -Wall -pedantic -g -O0 -fdiagnostics-color=always   conftest.c  -lm >&5
[01m[Kconftest.c:42:6:[m[K [01;35m[Kwarning: [m[Kconflicting types for built-in function '[01m[Kfmin[m[K'
 char fmin ();
[01;32m[K      ^[m[K
configure:3940: $? = 0
configure:3940: result: yes
configure:3940: checking for stpcpy
configure:3940: gcc -std=gnu99 -o conftest -g -O2 -fstack-protector-strong -Wformat -Werror=format-security -Wdate-time -D_FORTIFY_SOURCE=2 -g -UNDEBUG -Wall -pedantic -g -O0 -fdiagnostics-color=always   conftest.c  -lm >&5
[01m[Kconftest.c:43:6:[m[K [01;35m[Kwarning: [m[Kconflicting types for built-in function '[01m[Kstpcpy[m[K'
 char stpcpy ();
[01;32m[K      ^[m[K
configure:3940: $? = 0
configure:3940: result: yes
configure:3954: checking how to run the C preprocessor
configure:3985: gcc -std=gnu99 -E  conftest.c
configure:3985: $? = 0
configure:3999: gcc -std=gnu99 -E  conftest.c
conftest.c:21:28: fatal error: ac_nonexistent.h: No such file or directory
compilation terminated.
configure:3999: $? = 1
configure: failed program was:
| /* confdefs.h */
| #define PACKAGE_NAME "igraph"
| #define PACKAGE_TARNAME "igraph"
| #define PACKAGE_VERSION "1.2.4"
| #define PACKAGE_STRING "igraph 1.2.4"
| #define PACKAGE_BUGREPORT "csardi.gabor@gmail.com"
| #define PACKAGE_URL ""
| #define HAVE_GFORTRAN 1
| #define HAVE_RINTF 1
| #define HAVE_FINITE 1
| #define HAVE_EXPM1 1
| #define HAVE_RINT 1
| #define HAVE_LOG2 1
| #define HAVE_LOGBL 1
| #define HAVE_SNPRINTF 1
| #define HAVE_LOG1P 1
| #define HAVE_ROUND 1
| #define HAVE_FMIN 1
| #define HAVE_STPCPY 1
| /* end confdefs.h.  */
| #include <ac_nonexistent.h>
configure:4024: result: gcc -std=gnu99 -E
configure:4044: gcc -std=gnu99 -E  conftest.c
configure:4044: $? = 0
configure:4058: gcc -std=gnu99 -E  conftest.c
conftest.c:21:28: fatal error: ac_nonexistent.h: No such file or directory
compilation terminated.
configure:4058: $? = 1
configure: failed program was:
| /* confdefs.h */
| #define PACKAGE_NAME "igraph"
| #define PACKAGE_TARNAME "igraph"
| #define PACKAGE_VERSION "1.2.4"
| #define PACKAGE_STRING "igraph 1.2.4"
| #define PACKAGE_BUGREPORT "csardi.gabor@gmail.com"
| #define PACKAGE_URL ""
| #define HAVE_GFORTRAN 1
| #define HAVE_RINTF 1
| #define HAVE_FINITE 1
| #define HAVE_EXPM1 1
| #define HAVE_RINT 1
| #define HAVE_LOG2 1
| #define HAVE_LOGBL 1
| #define HAVE_SNPRINTF 1
| #define HAVE_LOG1P 1
| #define HAVE_ROUND 1
| #define HAVE_FMIN 1
| #define HAVE_STPCPY 1
| /* end confdefs.h.  */
| #include <ac_nonexistent.h>
configure:4087: checking for grep that handles long lines and -e
configure:4145: result: /bin/grep
configure:4150: checking for egrep
configure:4212: result: /bin/grep -E
configure:4217: checking for ANSI C header files
configure:4237: gcc -std=gnu99 -c -g -O2 -fstack-protector-strong -Wformat -Werror=format-security -Wdate-time -D_FORTIFY_SOURCE=2 -g -UNDEBUG -Wall -pedantic -g -O0 -fdiagnostics-color=always  conftest.c >&5
configure:4237: $? = 0
configure:4310: gcc -std=gnu99 -o conftest -g -O2 -fstack-protector-strong -Wformat -Werror=format-security -Wdate-time -D_FORTIFY_SOURCE=2 -g -UNDEBUG -Wall -pedantic -g -O0 -fdiagnostics-color=always   conftest.c  -lm >&5
configure:4310: $? = 0
configure:4310: ./conftest
configure:4310: $? = 0
configure:4321: result: yes
configure:4334: checking for sys/types.h
configure:4334: gcc -std=gnu99 -c -g -O2 -fstack-protector-strong -Wformat -Werror=format-security -Wdate-time -D_FORTIFY_SOURCE=2 -g -UNDEBUG -Wall -pedantic -g -O0 -fdiagnostics-color=always  conftest.c >&5
configure:4334: $? = 0
configure:4334: result: yes
configure:4334: checking for sys/stat.h
configure:4334: gcc -std=gnu99 -c -g -O2 -fstack-protector-strong -Wformat -Werror=format-security -Wdate-time -D_FORTIFY_SOURCE=2 -g -UNDEBUG -Wall -pedantic -g -O0 -fdiagnostics-color=always  conftest.c >&5
configure:4334: $? = 0
configure:4334: result: yes
configure:4334: checking for stdlib.h
configure:4334: gcc -std=gnu99 -c -g -O2 -fstack-protector-strong -Wformat -Werror=format-security -Wdate-time -D_FORTIFY_SOURCE=2 -g -UNDEBUG -Wall -pedantic -g -O0 -fdiagnostics-color=always  conftest.c >&5
configure:4334: $? = 0
configure:4334: result: yes
configure:4334: checking for string.h
configure:4334: gcc -std=gnu99 -c -g -O2 -fstack-protector-strong -Wformat -Werror=format-security -Wdate-time -D_FORTIFY_SOURCE=2 -g -UNDEBUG -Wall -pedantic -g -O0 -fdiagnostics-color=always  conftest.c >&5
configure:4334: $? = 0
configure:4334: result: yes
configure:4334: checking for memory.h
configure:4334: gcc -std=gnu99 -c -g -O2 -fstack-protector-strong -Wformat -Werror=format-security -Wdate-time -D_FORTIFY_SOURCE=2 -g -UNDEBUG -Wall -pedantic -g -O0 -fdiagnostics-color=always  conftest.c >&5
configure:4334: $? = 0
configure:4334: result: yes
configure:4334: checking for strings.h
configure:4334: gcc -std=gnu99 -c -g -O2 -fstack-protector-strong -Wformat -Werror=format-security -Wdate-time -D_FORTIFY_SOURCE=2 -g -UNDEBUG -Wall -pedantic -g -O0 -fdiagnostics-color=always  conftest.c >&5
configure:4334: $? = 0
configure:4334: result: yes
configure:4334: checking for inttypes.h
configure:4334: gcc -std=gnu99 -c -g -O2 -fstack-protector-strong -Wformat -Werror=format-security -Wdate-time -D_FORTIFY_SOURCE=2 -g -UNDEBUG -Wall -pedantic -g -O0 -fdiagnostics-color=always  conftest.c >&5
configure:4334: $? = 0
configure:4334: result: yes
configure:4334: checking for stdint.h
configure:4334: gcc -std=gnu99 -c -g -O2 -fstack-protector-strong -Wformat -Werror=format-security -Wdate-time -D_FORTIFY_SOURCE=2 -g -UNDEBUG -Wall -pedantic -g -O0 -fdiagnostics-color=always  conftest.c >&5
configure:4334: $? = 0
configure:4334: result: yes
configure:4334: checking for unistd.h
configure:4334: gcc -std=gnu99 -c -g -O2 -fstack-protector-strong -Wformat -Werror=format-security -Wdate-time -D_FORTIFY_SOURCE=2 -g -UNDEBUG -Wall -pedantic -g -O0 -fdiagnostics-color=always  conftest.c >&5
configure:4334: $? = 0
configure:4334: result: yes
configure:4346: checking whether stpcpy is declared
configure:4346: gcc -std=gnu99 -c -g -O2 -fstack-protector-strong -Wformat -Werror=format-security -Wdate-time -D_FORTIFY_SOURCE=2 -g -UNDEBUG -Wall -pedantic -g -O0 -fdiagnostics-color=always  conftest.c >&5
configure:4346: $? = 0
configure:4346: result: yes
configure:4355: checking sys/times.h usability
configure:4355: gcc -std=gnu99 -c -g -O2 -fstack-protector-strong -Wformat -Werror=format-security -Wdate-time -D_FORTIFY_SOURCE=2 -g -UNDEBUG -Wall -pedantic -g -O0 -fdiagnostics-color=always  conftest.c >&5
configure:4355: $? = 0
configure:4355: result: yes
configure:4355: checking sys/times.h presence
configure:4355: gcc -std=gnu99 -E  conftest.c
configure:4355: $? = 0
configure:4355: result: yes
configure:4355: checking for sys/times.h
configure:4355: result: yes
configure:4377: checking net/if.h usability
configure:4377: gcc -std=gnu99 -c -g -O2 -fstack-protector-strong -Wformat -Werror=format-security -Wdate-time -D_FORTIFY_SOURCE=2 -g -UNDEBUG -Wall -pedantic -g -O0 -fdiagnostics-color=always  conftest.c >&5
configure:4377: $? = 0
configure:4377: result: yes
configure:4377: checking net/if.h presence
configure:4377: gcc -std=gnu99 -E  conftest.c
configure:4377: $? = 0
configure:4377: result: yes
configure:4377: checking for net/if.h
configure:4377: result: yes
configure:4377: checking netinet/in.h usability
configure:4377: gcc -std=gnu99 -c -g -O2 -fstack-protector-strong -Wformat -Werror=format-security -Wdate-time -D_FORTIFY_SOURCE=2 -g -UNDEBUG -Wall -pedantic -g -O0 -fdiagnostics-color=always  conftest.c >&5
configure:4377: $? = 0
configure:4377: result: yes
configure:4377: checking netinet/in.h presence
configure:4377: gcc -std=gnu99 -E  conftest.c
configure:4377: $? = 0
configure:4377: result: yes
configure:4377: checking for netinet/in.h
configure:4377: result: yes
configure:4377: checking net/if_dl.h usability
configure:4377: gcc -std=gnu99 -c -g -O2 -fstack-protector-strong -Wformat -Werror=format-security -Wdate-time -D_FORTIFY_SOURCE=2 -g -UNDEBUG -Wall -pedantic -g -O0 -fdiagnostics-color=always  conftest.c >&5
[01m[Kconftest.c:68:23:[m[K [01;31m[Kfatal error: [m[Knet/if_dl.h: No such file or directory
compilation terminated.
configure:4377: $? = 1
configure: failed program was:
| /* confdefs.h */
| #define PACKAGE_NAME "igraph"
| #define PACKAGE_TARNAME "igraph"
| #define PACKAGE_VERSION "1.2.4"
| #define PACKAGE_STRING "igraph 1.2.4"
| #define PACKAGE_BUGREPORT "csardi.gabor@gmail.com"
| #define PACKAGE_URL ""
| #define HAVE_GFORTRAN 1
| #define HAVE_RINTF 1
| #define HAVE_FINITE 1
| #define HAVE_EXPM1 1
| #define HAVE_RINT 1
| #define HAVE_LOG2 1
| #define HAVE_LOGBL 1
| #define HAVE_SNPRINTF 1
| #define HAVE_LOG1P 1
| #define HAVE_ROUND 1
| #define HAVE_FMIN 1
| #define HAVE_STPCPY 1
| #define STDC_HEADERS 1
| #define HAVE_SYS_TYPES_H 1
| #define HAVE_SYS_STAT_H 1
| #define HAVE_STDLIB_H 1
| #define HAVE_STRING_H 1
| #define HAVE_MEMORY_H 1
| #define HAVE_STRINGS_H 1
| #define HAVE_INTTYPES_H 1
| #define HAVE_STDINT_H 1
| #define HAVE_UNISTD_H 1
| #define HAVE_STPCPY_SIGNATURE 1
| #define HAVE_TIMES_H 1
| #define HAVE_NET_IF_H 1
| #define HAVE_NETINET_IN_H 1
| /* end confdefs.h.  */
| #include <stdio.h>
| #ifdef HAVE_SYS_TYPES_H
| # include <sys/types.h>
| #endif
| #ifdef HAVE_SYS_STAT_H
| # include <sys/stat.h>
| #endif
| #ifdef STDC_HEADERS
| # include <stdlib.h>
| # include <stddef.h>
| #else
| # ifdef HAVE_STDLIB_H
| #  include <stdlib.h>
| # endif
| #endif
| #ifdef HAVE_STRING_H
| # if !defined STDC_HEADERS && defined HAVE_MEMORY_H
| #  include <memory.h>
| # endif
| # include <string.h>
| #endif
| #ifdef HAVE_STRINGS_H
| # include <strings.h>
| #endif
| #ifdef HAVE_INTTYPES_H
| # include <inttypes.h>
| #endif
| #ifdef HAVE_STDINT_H
| # include <stdint.h>
| #endif
| #ifdef HAVE_UNISTD_H
| # include <unistd.h>
| #endif
| #include <net/if_dl.h>
configure:4377: result: no
configure:4377: checking net/if_dl.h presence
configure:4377: gcc -std=gnu99 -E  conftest.c
conftest.c:35:23: fatal error: net/if_dl.h: No such file or directory
compilation terminated.
configure:4377: $? = 1
configure: failed program was:
| /* confdefs.h */
| #define PACKAGE_NAME "igraph"
| #define PACKAGE_TARNAME "igraph"
| #define PACKAGE_VERSION "1.2.4"
| #define PACKAGE_STRING "igraph 1.2.4"
| #define PACKAGE_BUGREPORT "csardi.gabor@gmail.com"
| #define PACKAGE_URL ""
| #define HAVE_GFORTRAN 1
| #define HAVE_RINTF 1
| #define HAVE_FINITE 1
| #define HAVE_EXPM1 1
| #define HAVE_RINT 1
| #define HAVE_LOG2 1
| #define HAVE_LOGBL 1
| #define HAVE_SNPRINTF 1
| #define HAVE_LOG1P 1
| #define HAVE_ROUND 1
| #define HAVE_FMIN 1
| #define HAVE_STPCPY 1
| #define STDC_HEADERS 1
| #define HAVE_SYS_TYPES_H 1
| #define HAVE_SYS_STAT_H 1
| #define HAVE_STDLIB_H 1
| #define HAVE_STRING_H 1
| #define HAVE_MEMORY_H 1
| #define HAVE_STRINGS_H 1
| #define HAVE_INTTYPES_H 1
| #define HAVE_STDINT_H 1
| #define HAVE_UNISTD_H 1
| #define HAVE_STPCPY_SIGNATURE 1
| #define HAVE_TIMES_H 1
| #define HAVE_NET_IF_H 1
| #define HAVE_NETINET_IN_H 1
| /* end confdefs.h.  */
| #include <net/if_dl.h>
configure:4377: result: no
configure:4377: checking for net/if_dl.h
configure:4377: result: no
configure:4377: checking sys/sockio.h usability
configure:4377: gcc -std=gnu99 -c -g -O2 -fstack-protector-strong -Wformat -Werror=format-security -Wdate-time -D_FORTIFY_SOURCE=2 -g -UNDEBUG -Wall -pedantic -g -O0 -fdiagnostics-color=always  conftest.c >&5
[01m[Kconftest.c:68:24:[m[K [01;31m[Kfatal error: [m[Ksys/sockio.h: No such file or directory
compilation terminated.
configure:4377: $? = 1
configure: failed program was:
| /* confdefs.h */
| #define PACKAGE_NAME "igraph"
| #define PACKAGE_TARNAME "igraph"
| #define PACKAGE_VERSION "1.2.4"
| #define PACKAGE_STRING "igraph 1.2.4"
| #define PACKAGE_BUGREPORT "csardi.gabor@gmail.com"
| #define PACKAGE_URL ""
| #define HAVE_GFORTRAN 1
| #define HAVE_RINTF 1
| #define HAVE_FINITE 1
| #define HAVE_EXPM1 1
| #define HAVE_RINT 1
| #define HAVE_LOG2 1
| #define HAVE_LOGBL 1
| #define HAVE_SNPRINTF 1
| #define HAVE_LOG1P 1
| #define HAVE_ROUND 1
| #define HAVE_FMIN 1
| #define HAVE_STPCPY 1
| #define STDC_HEADERS 1
| #define HAVE_SYS_TYPES_H 1
| #define HAVE_SYS_STAT_H 1
| #define HAVE_STDLIB_H 1
| #define HAVE_STRING_H 1
| #define HAVE_MEMORY_H 1
| #define HAVE_STRINGS_H 1
| #define HAVE_INTTYPES_H 1
| #define HAVE_STDINT_H 1
| #define HAVE_UNISTD_H 1
| #define HAVE_STPCPY_SIGNATURE 1
| #define HAVE_TIMES_H 1
| #define HAVE_NET_IF_H 1
| #define HAVE_NETINET_IN_H 1
| /* end confdefs.h.  */
| #include <stdio.h>
| #ifdef HAVE_SYS_TYPES_H
| # include <sys/types.h>
| #endif
| #ifdef HAVE_SYS_STAT_H
| # include <sys/stat.h>
| #endif
| #ifdef STDC_HEADERS
| # include <stdlib.h>
| # include <stddef.h>
| #else
| # ifdef HAVE_STDLIB_H
| #  include <stdlib.h>
| # endif
| #endif
| #ifdef HAVE_STRING_H
| # if !defined STDC_HEADERS && defined HAVE_MEMORY_H
| #  include <memory.h>
| # endif
| # include <string.h>
| #endif
| #ifdef HAVE_STRINGS_H
| # include <strings.h>
| #endif
| #ifdef HAVE_INTTYPES_H
| # include <inttypes.h>
| #endif
| #ifdef HAVE_STDINT_H
| # include <stdint.h>
| #endif
| #ifdef HAVE_UNISTD_H
| # include <unistd.h>
| #endif
| #include <sys/sockio.h>
configure:4377: result: no
configure:4377: checking sys/sockio.h presence
configure:4377: gcc -std=gnu99 -E  conftest.c
conftest.c:35:24: fatal error: sys/sockio.h: No such file or directory
compilation terminated.
configure:4377: $? = 1
configure: failed program was:
| /* confdefs.h */
| #define PACKAGE_NAME "igraph"
| #define PACKAGE_TARNAME "igraph"
| #define PACKAGE_VERSION "1.2.4"
| #define PACKAGE_STRING "igraph 1.2.4"
| #define PACKAGE_BUGREPORT "csardi.gabor@gmail.com"
| #define PACKAGE_URL ""
| #define HAVE_GFORTRAN 1
| #define HAVE_RINTF 1
| #define HAVE_FINITE 1
| #define HAVE_EXPM1 1
| #define HAVE_RINT 1
| #define HAVE_LOG2 1
| #define HAVE_LOGBL 1
| #define HAVE_SNPRINTF 1
| #define HAVE_LOG1P 1
| #define HAVE_ROUND 1
| #define HAVE_FMIN 1
| #define HAVE_STPCPY 1
| #define STDC_HEADERS 1
| #define HAVE_SYS_TYPES_H 1
| #define HAVE_SYS_STAT_H 1
| #define HAVE_STDLIB_H 1
| #define HAVE_STRING_H 1
| #define HAVE_MEMORY_H 1
| #define HAVE_STRINGS_H 1
| #define HAVE_INTTYPES_H 1
| #define HAVE_STDINT_H 1
| #define HAVE_UNISTD_H 1
| #define HAVE_STPCPY_SIGNATURE 1
| #define HAVE_TIMES_H 1
| #define HAVE_NET_IF_H 1
| #define HAVE_NETINET_IN_H 1
| /* end confdefs.h.  */
| #include <sys/sockio.h>
configure:4377: result: no
configure:4377: checking for sys/sockio.h
configure:4377: result: no
configure:4377: checking sys/un.h usability
configure:4377: gcc -std=gnu99 -c -g -O2 -fstack-protector-strong -Wformat -Werror=format-security -Wdate-time -D_FORTIFY_SOURCE=2 -g -UNDEBUG -Wall -pedantic -g -O0 -fdiagnostics-color=always  conftest.c >&5
configure:4377: $? = 0
configure:4377: result: yes
configure:4377: checking sys/un.h presence
configure:4377: gcc -std=gnu99 -E  conftest.c
configure:4377: $? = 0
configure:4377: result: yes
configure:4377: checking for sys/un.h
configure:4377: result: yes
configure:4377: checking sys/socket.h usability
configure:4377: gcc -std=gnu99 -c -g -O2 -fstack-protector-strong -Wformat -Werror=format-security -Wdate-time -D_FORTIFY_SOURCE=2 -g -UNDEBUG -Wall -pedantic -g -O0 -fdiagnostics-color=always  conftest.c >&5
configure:4377: $? = 0
configure:4377: result: yes
configure:4377: checking sys/socket.h presence
configure:4377: gcc -std=gnu99 -E  conftest.c
configure:4377: $? = 0
configure:4377: result: yes
configure:4377: checking for sys/socket.h
configure:4377: result: yes
configure:4377: checking sys/ioctl.h usability
configure:4377: gcc -std=gnu99 -c -g -O2 -fstack-protector-strong -Wformat -Werror=format-security -Wdate-time -D_FORTIFY_SOURCE=2 -g -UNDEBUG -Wall -pedantic -g -O0 -fdiagnostics-color=always  conftest.c >&5
configure:4377: $? = 0
configure:4377: result: yes
configure:4377: checking sys/ioctl.h presence
configure:4377: gcc -std=gnu99 -E  conftest.c
configure:4377: $? = 0
configure:4377: result: yes
configure:4377: checking for sys/ioctl.h
configure:4377: result: yes
configure:4377: checking sys/time.h usability
configure:4377: gcc -std=gnu99 -c -g -O2 -fstack-protector-strong -Wformat -Werror=format-security -Wdate-time -D_FORTIFY_SOURCE=2 -g -UNDEBUG -Wall -pedantic -g -O0 -fdiagnostics-color=always  conftest.c >&5
configure:4377: $? = 0
configure:4377: result: yes
configure:4377: checking sys/time.h presence
configure:4377: gcc -std=gnu99 -E  conftest.c
configure:4377: $? = 0
configure:4377: result: yes
configure:4377: checking for sys/time.h
configure:4377: result: yes
configure:4377: checking sys/file.h usability
configure:4377: gcc -std=gnu99 -c -g -O2 -fstack-protector-strong -Wformat -Werror=format-security -Wdate-time -D_FORTIFY_SOURCE=2 -g -UNDEBUG -Wall -pedantic -g -O0 -fdiagnostics-color=always  conftest.c >&5
configure:4377: $? = 0
configure:4377: result: yes
configure:4377: checking sys/file.h presence
configure:4377: gcc -std=gnu99 -E  conftest.c
configure:4377: $? = 0
configure:4377: result: yes
configure:4377: checking for sys/file.h
configure:4377: result: yes
configure:4388: checking for struct sockaddr.sa_len
configure:4388: gcc -std=gnu99 -c -g -O2 -fstack-protector-strong -Wformat -Werror=format-security -Wdate-time -D_FORTIFY_SOURCE=2 -g -UNDEBUG -Wall -pedantic -g -O0 -fdiagnostics-color=always  conftest.c >&5
[01m[Kconftest.c:[m[K In function '[01m[Kmain[m[K':
[01m[Kconftest.c:47:12:[m[K [01;31m[Kerror: [m[K'[01m[Kstruct sockaddr[m[K' has no member named '[01m[Ksa_len[m[K'
 if (ac_aggr.sa_len)
[01;32m[K            ^[m[K
[01m[Kconftest.c:46:24:[m[K [01;35m[Kwarning: [m[Kvariable '[01m[Kac_aggr[m[K' set but not used [-Wunused-but-set-variable]
 static struct sockaddr ac_aggr;
[01;32m[K                        ^[m[K
configure:4388: $? = 1
configure: failed program was:
| /* confdefs.h */
| #define PACKAGE_NAME "igraph"
| #define PACKAGE_TARNAME "igraph"
| #define PACKAGE_VERSION "1.2.4"
| #define PACKAGE_STRING "igraph 1.2.4"
| #define PACKAGE_BUGREPORT "csardi.gabor@gmail.com"
| #define PACKAGE_URL ""
| #define HAVE_GFORTRAN 1
| #define HAVE_RINTF 1
| #define HAVE_FINITE 1
| #define HAVE_EXPM1 1
| #define HAVE_RINT 1
| #define HAVE_LOG2 1
| #define HAVE_LOGBL 1
| #define HAVE_SNPRINTF 1
| #define HAVE_LOG1P 1
| #define HAVE_ROUND 1
| #define HAVE_FMIN 1
| #define HAVE_STPCPY 1
| #define STDC_HEADERS 1
| #define HAVE_SYS_TYPES_H 1
| #define HAVE_SYS_STAT_H 1
| #define HAVE_STDLIB_H 1
| #define HAVE_STRING_H 1
| #define HAVE_MEMORY_H 1
| #define HAVE_STRINGS_H 1
| #define HAVE_INTTYPES_H 1
| #define HAVE_STDINT_H 1
| #define HAVE_UNISTD_H 1
| #define HAVE_STPCPY_SIGNATURE 1
| #define HAVE_TIMES_H 1
| #define HAVE_NET_IF_H 1
| #define HAVE_NETINET_IN_H 1
| #define HAVE_SYS_UN_H 1
| #define HAVE_SYS_SOCKET_H 1
| #define HAVE_SYS_IOCTL_H 1
| #define HAVE_SYS_TIME_H 1
| #define HAVE_SYS_FILE_H 1
| /* end confdefs.h.  */
| #include <sys/types.h>
| 	 #include <sys/socket.h>
| 
| int
| main ()
| {
| static struct sockaddr ac_aggr;
| if (ac_aggr.sa_len)
| return 0;
|   ;
|   return 0;
| }
configure:4388: gcc -std=gnu99 -c -g -O2 -fstack-protector-strong -Wformat -Werror=format-security -Wdate-time -D_FORTIFY_SOURCE=2 -g -UNDEBUG -Wall -pedantic -g -O0 -fdiagnostics-color=always  conftest.c >&5
[01m[Kconftest.c:[m[K In function '[01m[Kmain[m[K':
[01m[Kconftest.c:47:19:[m[K [01;31m[Kerror: [m[K'[01m[Kstruct sockaddr[m[K' has no member named '[01m[Ksa_len[m[K'
 if (sizeof ac_aggr.sa_len)
[01;32m[K                   ^[m[K
[01m[Kconftest.c:46:24:[m[K [01;35m[Kwarning: [m[Kvariable '[01m[Kac_aggr[m[K' set but not used [-Wunused-but-set-variable]
 static struct sockaddr ac_aggr;
[01;32m[K                        ^[m[K
configure:4388: $? = 1
configure: failed program was:
| /* confdefs.h */
| #define PACKAGE_NAME "igraph"
| #define PACKAGE_TARNAME "igraph"
| #define PACKAGE_VERSION "1.2.4"
| #define PACKAGE_STRING "igraph 1.2.4"
| #define PACKAGE_BUGREPORT "csardi.gabor@gmail.com"
| #define PACKAGE_URL ""
| #define HAVE_GFORTRAN 1
| #define HAVE_RINTF 1
| #define HAVE_FINITE 1
| #define HAVE_EXPM1 1
| #define HAVE_RINT 1
| #define HAVE_LOG2 1
| #define HAVE_LOGBL 1
| #define HAVE_SNPRINTF 1
| #define HAVE_LOG1P 1
| #define HAVE_ROUND 1
| #define HAVE_FMIN 1
| #define HAVE_STPCPY 1
| #define STDC_HEADERS 1
| #define HAVE_SYS_TYPES_H 1
| #define HAVE_SYS_STAT_H 1
| #define HAVE_STDLIB_H 1
| #define HAVE_STRING_H 1
| #define HAVE_MEMORY_H 1
| #define HAVE_STRINGS_H 1
| #define HAVE_INTTYPES_H 1
| #define HAVE_STDINT_H 1
| #define HAVE_UNISTD_H 1
| #define HAVE_STPCPY_SIGNATURE 1
| #define HAVE_TIMES_H 1
| #define HAVE_NET_IF_H 1
| #define HAVE_NETINET_IN_H 1
| #define HAVE_SYS_UN_H 1
| #define HAVE_SYS_SOCKET_H 1
| #define HAVE_SYS_IOCTL_H 1
| #define HAVE_SYS_TIME_H 1
| #define HAVE_SYS_FILE_H 1
| /* end confdefs.h.  */
| #include <sys/types.h>
| 	 #include <sys/socket.h>
| 
| int
| main ()
| {
| static struct sockaddr ac_aggr;
| if (sizeof ac_aggr.sa_len)
| return 0;
|   ;
|   return 0;
| }
configure:4388: result: no
configure:4413: checking for xml2-config
configure:4431: found /usr/bin/xml2-config
configure:4444: result: /usr/bin/xml2-config
configure:4457: checking for xmlSAXUserParseFile in -lxml2
configure:4482: gcc -std=gnu99 -o conftest -g -O2 -fstack-protector-strong -Wformat -Werror=format-security -Wdate-time -D_FORTIFY_SOURCE=2 -g -UNDEBUG -Wall -pedantic -g -O0 -fdiagnostics-color=always   conftest.c -lxml2   >&5
configure:4482: $? = 0
configure:4491: result: yes
configure:4499: checking libxml/parser.h usability
configure:4499: gcc -std=gnu99 -c -I/usr/include/libxml2 -I/usr/include/libxml2 conftest.c >&5
configure:4499: $? = 0
configure:4499: result: yes
configure:4499: checking libxml/parser.h presence
configure:4499: gcc -std=gnu99 -E -I/usr/include/libxml2 conftest.c
configure:4499: $? = 0
configure:4499: result: yes
configure:4499: checking for libxml/parser.h
configure:4499: result: yes
configure:4547: checking for __gmpz_add in -lgmp
configure:4572: g++ -std=gnu++11 -o conftest -g -O2 -fstack-protector-strong -Wformat -Werror=format-security -Wdate-time -D_FORTIFY_SOURCE=2 -g -UNDEBUG -Wall -pedantic -g -O0 -fdiagnostics-color=always -g -O2 -fstack-protector-strong -Wformat -Werror=format-security -Wdate-time -D_FORTIFY_SOURCE=2 -g -UNDEBUG -Wall -pedantic -g -O0 -fdiagnostics-color=always -I/usr/include/libxml2  conftest.cpp -lgmp   >&5
/usr/bin/ld: cannot find -lgmp
collect2: error: ld returned 1 exit status
configure:4572: $? = 1
configure: failed program was:
| /* confdefs.h */
| #define PACKAGE_NAME "igraph"
| #define PACKAGE_TARNAME "igraph"
| #define PACKAGE_VERSION "1.2.4"
| #define PACKAGE_STRING "igraph 1.2.4"
| #define PACKAGE_BUGREPORT "csardi.gabor@gmail.com"
| #define PACKAGE_URL ""
| #define HAVE_GFORTRAN 1
| #define HAVE_RINTF 1
| #define HAVE_FINITE 1
| #define HAVE_EXPM1 1
| #define HAVE_RINT 1
| #define HAVE_LOG2 1
| #define HAVE_LOGBL 1
| #define HAVE_SNPRINTF 1
| #define HAVE_LOG1P 1
| #define HAVE_ROUND 1
| #define HAVE_FMIN 1
| #define HAVE_STPCPY 1
| #define STDC_HEADERS 1
| #define HAVE_SYS_TYPES_H 1
| #define HAVE_SYS_STAT_H 1
| #define HAVE_STDLIB_H 1
| #define HAVE_STRING_H 1
| #define HAVE_MEMORY_H 1
| #define HAVE_STRINGS_H 1
| #define HAVE_INTTYPES_H 1
| #define HAVE_STDINT_H 1
| #define HAVE_UNISTD_H 1
| #define HAVE_STPCPY_SIGNATURE 1
| #define HAVE_TIMES_H 1
| #define HAVE_NET_IF_H 1
| #define HAVE_NETINET_IN_H 1
| #define HAVE_SYS_UN_H 1
| #define HAVE_SYS_SOCKET_H 1
| #define HAVE_SYS_IOCTL_H 1
| #define HAVE_SYS_TIME_H 1
| #define HAVE_SYS_FILE_H 1
| #define HAVE_LIBXML 1
| /* end confdefs.h.  */
| 
| /* Override any GCC internal prototype to avoid an error.
|    Use char because int might match the return type of a GCC
|    builtin and then its argument prototype would still apply.  */
| #ifdef __cplusplus
| extern "C"
| #endif
| char __gmpz_add ();
| int
| main ()
| {
| return __gmpz_add ();
|   ;
|   return 0;
| }
configure:4581: result: no
configure:4623: checking for glp_read_mps in -lglpk
configure:4648: gcc -std=gnu99 -o conftest -g -O2 -fstack-protector-strong -Wformat -Werror=format-security -Wdate-time -D_FORTIFY_SOURCE=2 -g -UNDEBUG -Wall -pedantic -g -O0 -fdiagnostics-color=always -I/usr/include/libxml2 -g -O2 -fstack-protector-strong -Wformat -Werror=format-security -Wdate-time -D_FORTIFY_SOURCE=2 -g -UNDEBUG -Wall -pedantic -g -O0 -fdiagnostics-color=always -I/usr/include/libxml2  conftest.c -lglpk   >&5
/usr/bin/ld: cannot find -lglpk
collect2: error: ld returned 1 exit status
configure:4648: $? = 1
configure: failed program was:
| /* confdefs.h */
| #define PACKAGE_NAME "igraph"
| #define PACKAGE_TARNAME "igraph"
| #define PACKAGE_VERSION "1.2.4"
| #define PACKAGE_STRING "igraph 1.2.4"
| #define PACKAGE_BUGREPORT "csardi.gabor@gmail.com"
| #define PACKAGE_URL ""
| #define HAVE_GFORTRAN 1
| #define HAVE_RINTF 1
| #define HAVE_FINITE 1
| #define HAVE_EXPM1 1
| #define HAVE_RINT 1
| #define HAVE_LOG2 1
| #define HAVE_LOGBL 1
| #define HAVE_SNPRINTF 1
| #define HAVE_LOG1P 1
| #define HAVE_ROUND 1
| #define HAVE_FMIN 1
| #define HAVE_STPCPY 1
| #define STDC_HEADERS 1
| #define HAVE_SYS_TYPES_H 1
| #define HAVE_SYS_STAT_H 1
| #define HAVE_STDLIB_H 1
| #define HAVE_STRING_H 1
| #define HAVE_MEMORY_H 1
| #define HAVE_STRINGS_H 1
| #define HAVE_INTTYPES_H 1
| #define HAVE_STDINT_H 1
| #define HAVE_UNISTD_H 1
| #define HAVE_STPCPY_SIGNATURE 1
| #define HAVE_TIMES_H 1
| #define HAVE_NET_IF_H 1
| #define HAVE_NETINET_IN_H 1
| #define HAVE_SYS_UN_H 1
| #define HAVE_SYS_SOCKET_H 1
| #define HAVE_SYS_IOCTL_H 1
| #define HAVE_SYS_TIME_H 1
| #define HAVE_SYS_FILE_H 1
| #define HAVE_LIBXML 1
| /* end confdefs.h.  */
| 
| /* Override any GCC internal prototype to avoid an error.
|    Use char because int might match the return type of a GCC
|    builtin and then its argument prototype would still apply.  */
| #ifdef __cplusplus
| extern "C"
| #endif
| char glp_read_mps ();
| int
| main ()
| {
| return glp_read_mps ();
|   ;
|   return 0;
| }
configure:4657: result: no
configure:4818: creating ./config.status

## ---------------------- ##
## Running config.status. ##
## ---------------------- ##

This file was extended by igraph config.status 1.2.4, which was
generated by GNU Autoconf 2.69.  Invocation command line was

  CONFIG_FILES    = 
  CONFIG_HEADERS  = 
  CONFIG_LINKS    = 
  CONFIG_COMMANDS = 
  $ ./config.status 

on exocet

config.status:838: creating src/Makevars.tmp
config.status:1035: creating src/Makevars
config.status:838: creating src/config.h

## ---------------- ##
## Cache variables. ##
## ---------------- ##

ac_cv_c_compiler_gnu=yes
ac_cv_cxx_compiler_gnu=yes
ac_cv_env_CCC_set=
ac_cv_env_CCC_value=
ac_cv_env_CC_set=
ac_cv_env_CC_value=
ac_cv_env_CFLAGS_set=
ac_cv_env_CFLAGS_value=
ac_cv_env_CPPFLAGS_set=
ac_cv_env_CPPFLAGS_value=
ac_cv_env_CPP_set=
ac_cv_env_CPP_value=
ac_cv_env_CXXCPP_set=
ac_cv_env_CXXCPP_value=
ac_cv_env_CXXFLAGS_set=
ac_cv_env_CXXFLAGS_value=
ac_cv_env_CXX_set=
ac_cv_env_CXX_value=
ac_cv_env_FCFLAGS_set=
ac_cv_env_FCFLAGS_value=
ac_cv_env_FC_set=
ac_cv_env_FC_value=
ac_cv_env_LDFLAGS_set=
ac_cv_env_LDFLAGS_value=
ac_cv_env_LIBS_set=
ac_cv_env_LIBS_value=
ac_cv_env_build_alias_set=
ac_cv_env_build_alias_value=
ac_cv_env_host_alias_set=
ac_cv_env_host_alias_value=
ac_cv_env_target_alias_set=
ac_cv_env_target_alias_value=
ac_cv_fc_compiler_gnu=yes
ac_cv_func_expm1=yes
ac_cv_func_finite=yes
ac_cv_func_fmin=yes
ac_cv_func_log1p=yes
ac_cv_func_log2=yes
ac_cv_func_logbl=yes
ac_cv_func_rint=yes
ac_cv_func_rintf=yes
ac_cv_func_round=yes
ac_cv_func_snprintf=yes
ac_cv_func_stpcpy=yes
ac_cv_have_decl_stpcpy=yes
ac_cv_header_inttypes_h=yes
ac_cv_header_libxml_parser_h=yes
ac_cv_header_memory_h=yes
ac_cv_header_net_if_dl_h=no
ac_cv_header_net_if_h=yes
ac_cv_header_netinet_in_h=yes
ac_cv_header_stdc=yes
ac_cv_header_stdint_h=yes
ac_cv_header_stdlib_h=yes
ac_cv_header_string_h=yes
ac_cv_header_strings_h=yes
ac_cv_header_sys_file_h=yes
ac_cv_header_sys_ioctl_h=yes
ac_cv_header_sys_socket_h=yes
ac_cv_header_sys_sockio_h=no
ac_cv_header_sys_stat_h=yes
ac_cv_header_sys_time_h=yes
ac_cv_header_sys_times_h=yes
ac_cv_header_sys_types_h=yes
ac_cv_header_sys_un_h=yes
ac_cv_header_unistd_h=yes
ac_cv_lib_glpk_glp_read_mps=no
ac_cv_lib_gmp___gmpz_add=no
ac_cv_lib_xml2_xmlSAXUserParseFile=yes
ac_cv_member_struct_sockaddr_sa_len=no
ac_cv_objext=o
ac_cv_path_EGREP='/bin/grep -E'
ac_cv_path_GREP=/bin/grep
ac_cv_path_XML2CONFIG=/usr/bin/xml2-config
ac_cv_prog_CPP='gcc -std=gnu99 -E'
ac_cv_prog_CXXCPP='g++ -std=gnu++11 -E'
ac_cv_prog_ac_ct_CC='gcc -std=gnu99'
ac_cv_prog_cc_c89=
ac_cv_prog_cc_g=yes
ac_cv_prog_cxx_g=yes
ac_cv_prog_fc_g=yes

## ----------------- ##
## Output variables. ##
## ----------------- ##

CC='gcc -std=gnu99'
CFLAGS='-g -O2 -fstack-protector-strong -Wformat -Werror=format-security -Wdate-time -D_FORTIFY_SOURCE=2 -g -UNDEBUG -Wall -pedantic -g -O0 -fdiagnostics-color=always -I/usr/include/libxml2'
CPP='gcc -std=gnu99 -E'
CPPFLAGS='-g -O2 -fstack-protector-strong -Wformat -Werror=format-security -Wdate-time -D_FORTIFY_SOURCE=2 -g -UNDEBUG -Wall -pedantic -g -O0 -fdiagnostics-color=always -I/usr/include/libxml2'
CXX='g++ -std=gnu++11'
CXXCPP='g++ -std=gnu++11 -E'
CXXFLAGS='-g -O2 -fstack-protector-strong -Wformat -Werror=format-security -Wdate-time -D_FORTIFY_SOURCE=2 -g -UNDEBUG -Wall -pedantic -g -O0 -fdiagnostics-color=always'
DEFS='-DHAVE_CONFIG_H'
ECHO_C=''
ECHO_N='-n'
ECHO_T=''
EGREP='/bin/grep -E'
EXEEXT=''
FC='gfortran'
FCFLAGS='-g -O2 -fstack-protector-strong -g -O0'
GLPK_LIBS=''
GMP_LIBS=''
GREP='/bin/grep'
HAVE_GLPK='0'
HAVE_GMP='0'
HAVE_LIBXML='1'
LDFLAGS=''
LIBOBJS=''
LIBS=''
LTLIBOBJS=''
OBJEXT='o'
PACKAGE_BUGREPORT='csardi.gabor@gmail.com'
PACKAGE_NAME='igraph'
PACKAGE_STRING='igraph 1.2.4'
PACKAGE_TARNAME='igraph'
PACKAGE_URL=''
PACKAGE_VERSION='1.2.4'
PATH_SEPARATOR=':'
SHELL='/bin/bash'
XML2CONFIG='/usr/bin/xml2-config'
XML2_CFLAGS='-I/usr/include/libxml2'
XML2_LIBS='-lxml2'
ac_ct_CC='gcc -std=gnu99'
ac_ct_CXX=''
ac_ct_FC=''
bindir='${exec_prefix}/bin'
build_alias=''
datadir='${datarootdir}'
datarootdir='${prefix}/share'
docdir='${datarootdir}/doc/${PACKAGE_TARNAME}'
dvidir='${docdir}'
exec_prefix='${prefix}'
host_alias=''
htmldir='${docdir}'
includedir='${prefix}/include'
infodir='${datarootdir}/info'
libdir='${exec_prefix}/lib'
libexecdir='${exec_prefix}/libexec'
localedir='${datarootdir}/locale'
localstatedir='${prefix}/var'
mandir='${datarootdir}/man'
oldincludedir='/usr/include'
pdfdir='${docdir}'
prefix='/usr/local'
program_transform_name='s,x,x,'
psdir='${docdir}'
sbindir='${exec_prefix}/sbin'
sharedstatedir='${prefix}/com'
sysconfdir='${prefix}/etc'
target_alias=''

## ----------- ##
## confdefs.h. ##
## ----------- ##

/* confdefs.h */
#define PACKAGE_NAME "igraph"
#define PACKAGE_TARNAME "igraph"
#define PACKAGE_VERSION "1.2.4"
#define PACKAGE_STRING "igraph 1.2.4"
#define PACKAGE_BUGREPORT "csardi.gabor@gmail.com"
#define PACKAGE_URL ""
#define HAVE_GFORTRAN 1
#define HAVE_RINTF 1
#define HAVE_FINITE 1
#define HAVE_EXPM1 1
#define HAVE_RINT 1
#define HAVE_LOG2 1
#define HAVE_LOGBL 1
#define HAVE_SNPRINTF 1
#define HAVE_LOG1P 1
#define HAVE_ROUND 1
#define HAVE_FMIN 1
#define HAVE_STPCPY 1
#define STDC_HEADERS 1
#define HAVE_SYS_TYPES_H 1
#define HAVE_SYS_STAT_H 1
#define HAVE_STDLIB_H 1
#define HAVE_STRING_H 1
#define HAVE_MEMORY_H 1
#define HAVE_STRINGS_H 1
#define HAVE_INTTYPES_H 1
#define HAVE_STDINT_H 1
#define HAVE_UNISTD_H 1
#define HAVE_STPCPY_SIGNATURE 1
#define HAVE_TIMES_H 1
#define HAVE_NET_IF_H 1
#define HAVE_NETINET_IN_H 1
#define HAVE_SYS_UN_H 1
#define HAVE_SYS_SOCKET_H 1
#define HAVE_SYS_IOCTL_H 1
#define HAVE_SYS_TIME_H 1
#define HAVE_SYS_FILE_H 1
#define HAVE_LIBXML 1
#define IGRAPH_THREAD_LOCAL /**/

configure: exit 0
